{"message":"Environment variables loaded into process.env.","level":"info"}
{"error":{"code":"MODULE_NOT_FOUND","requireStack":["D:\\Webapps\\mvc-app\\routes\\router.js","D:\\Webapps\\mvc-app\\app.js"]},"level":"error","message":"uncaughtException: Cannot find module '../controllers/developer.js'\nRequire stack:\n- D:\\Webapps\\mvc-app\\routes\\router.js\n- D:\\Webapps\\mvc-app\\app.js\nError: Cannot find module '../controllers/developer.js'\nRequire stack:\n- D:\\Webapps\\mvc-app\\routes\\router.js\n- D:\\Webapps\\mvc-app\\app.js\n    at Function.Module._resolveFilename (internal/modules/cjs/loader.js:772:15)\n    at Function.Module._load (internal/modules/cjs/loader.js:677:27)\n    at Module.require (internal/modules/cjs/loader.js:830:19)\n    at require (internal/modules/cjs/helpers.js:68:18)\n    at Object.<anonymous> (D:\\Webapps\\mvc-app\\routes\\router.js:30:20)\n    at Module._compile (internal/modules/cjs/loader.js:936:30)\n    at Object.Module._extensions..js (internal/modules/cjs/loader.js:947:10)\n    at Module.load (internal/modules/cjs/loader.js:790:32)\n    at Function.Module._load (internal/modules/cjs/loader.js:703:12)\n    at Module.require (internal/modules/cjs/loader.js:830:19)\n    at require (internal/modules/cjs/helpers.js:68:18)\n    at Object.<anonymous> (D:\\Webapps\\mvc-app\\app.js:142:16)\n    at Module._compile (internal/modules/cjs/loader.js:936:30)\n    at Object.Module._extensions..js (internal/modules/cjs/loader.js:947:10)\n    at Module.load (internal/modules/cjs/loader.js:790:32)\n    at Function.Module._load (internal/modules/cjs/loader.js:703:12)\n    at Function.Module.runMain (internal/modules/cjs/loader.js:999:10)\n    at internal/main/run_main_module.js:17:11","stack":"Error: Cannot find module '../controllers/developer.js'\nRequire stack:\n- D:\\Webapps\\mvc-app\\routes\\router.js\n- D:\\Webapps\\mvc-app\\app.js\n    at Function.Module._resolveFilename (internal/modules/cjs/loader.js:772:15)\n    at Function.Module._load (internal/modules/cjs/loader.js:677:27)\n    at Module.require (internal/modules/cjs/loader.js:830:19)\n    at require (internal/modules/cjs/helpers.js:68:18)\n    at Object.<anonymous> (D:\\Webapps\\mvc-app\\routes\\router.js:30:20)\n    at Module._compile (internal/modules/cjs/loader.js:936:30)\n    at Object.Module._extensions..js (internal/modules/cjs/loader.js:947:10)\n    at Module.load (internal/modules/cjs/loader.js:790:32)\n    at Function.Module._load (internal/modules/cjs/loader.js:703:12)\n    at Module.require (internal/modules/cjs/loader.js:830:19)\n    at require (internal/modules/cjs/helpers.js:68:18)\n    at Object.<anonymous> (D:\\Webapps\\mvc-app\\app.js:142:16)\n    at Module._compile (internal/modules/cjs/loader.js:936:30)\n    at Object.Module._extensions..js (internal/modules/cjs/loader.js:947:10)\n    at Module.load (internal/modules/cjs/loader.js:790:32)\n    at Function.Module._load (internal/modules/cjs/loader.js:703:12)\n    at Function.Module.runMain (internal/modules/cjs/loader.js:999:10)\n    at internal/main/run_main_module.js:17:11","exception":true,"date":"Wed Dec 04 2019 10:47:41 GMT-0600 (Central Standard Time)","process":{"pid":13624,"uid":null,"gid":null,"cwd":"D:\\Webapps\\mvc-app","execPath":"C:\\Program Files\\nodejs\\node.exe","version":"v12.9.1","argv":["C:\\Program Files\\nodejs\\node.exe","D:\\Webapps\\mvc-app\\app.js"],"memoryUsage":{"rss":48685056,"heapTotal":31449088,"heapUsed":17562368,"external":19645055}},"os":{"loadavg":[0,0,0],"uptime":2328548},"trace":[{"column":15,"file":"internal/modules/cjs/loader.js","function":"Module._resolveFilename","line":772,"method":"_resolveFilename","native":false},{"column":27,"file":"internal/modules/cjs/loader.js","function":"Module._load","line":677,"method":"_load","native":false},{"column":19,"file":"internal/modules/cjs/loader.js","function":"Module.require","line":830,"method":"require","native":false},{"column":18,"file":"internal/modules/cjs/helpers.js","function":"require","line":68,"method":null,"native":false},{"column":20,"file":"D:\\Webapps\\mvc-app\\routes\\router.js","function":null,"line":30,"method":null,"native":false},{"column":30,"file":"internal/modules/cjs/loader.js","function":"Module._compile","line":936,"method":"_compile","native":false},{"column":10,"file":"internal/modules/cjs/loader.js","function":"Module._extensions..js","line":947,"method":".js","native":false},{"column":32,"file":"internal/modules/cjs/loader.js","function":"Module.load","line":790,"method":"load","native":false},{"column":12,"file":"internal/modules/cjs/loader.js","function":"Module._load","line":703,"method":"_load","native":false},{"column":19,"file":"internal/modules/cjs/loader.js","function":"Module.require","line":830,"method":"require","native":false},{"column":18,"file":"internal/modules/cjs/helpers.js","function":"require","line":68,"method":null,"native":false},{"column":16,"file":"D:\\Webapps\\mvc-app\\app.js","function":null,"line":142,"method":null,"native":false},{"column":30,"file":"internal/modules/cjs/loader.js","function":"Module._compile","line":936,"method":"_compile","native":false},{"column":10,"file":"internal/modules/cjs/loader.js","function":"Module._extensions..js","line":947,"method":".js","native":false},{"column":32,"file":"internal/modules/cjs/loader.js","function":"Module.load","line":790,"method":"load","native":false},{"column":12,"file":"internal/modules/cjs/loader.js","function":"Module._load","line":703,"method":"_load","native":false},{"column":10,"file":"internal/modules/cjs/loader.js","function":"Module.runMain","line":999,"method":"runMain","native":false},{"column":11,"file":"internal/main/run_main_module.js","function":null,"line":17,"method":null,"native":false}]}
{"message":"Running on 3004","level":"info"}
{"message":"Environment isProduction = true","level":"info"}
{"message":"MongoDB URL = mongodb+srv://S537520:2c6fzXev@cluster0-qfegi.mongodb.net/test?retryWrites=true&w=majority","level":"info"}
{"message":"Environment variables loaded into process.env.","level":"info"}
{"error":{"code":"MODULE_NOT_FOUND","requireStack":["D:\\Webapps\\mvc-app\\routes\\router.js","D:\\Webapps\\mvc-app\\app.js"]},"level":"error","message":"uncaughtException: Cannot find module '../controllers/developer.js'\nRequire stack:\n- D:\\Webapps\\mvc-app\\routes\\router.js\n- D:\\Webapps\\mvc-app\\app.js\nError: Cannot find module '../controllers/developer.js'\nRequire stack:\n- D:\\Webapps\\mvc-app\\routes\\router.js\n- D:\\Webapps\\mvc-app\\app.js\n    at Function.Module._resolveFilename (internal/modules/cjs/loader.js:772:15)\n    at Function.Module._load (internal/modules/cjs/loader.js:677:27)\n    at Module.require (internal/modules/cjs/loader.js:830:19)\n    at require (internal/modules/cjs/helpers.js:68:18)\n    at Object.<anonymous> (D:\\Webapps\\mvc-app\\routes\\router.js:30:20)\n    at Module._compile (internal/modules/cjs/loader.js:936:30)\n    at Object.Module._extensions..js (internal/modules/cjs/loader.js:947:10)\n    at Module.load (internal/modules/cjs/loader.js:790:32)\n    at Function.Module._load (internal/modules/cjs/loader.js:703:12)\n    at Module.require (internal/modules/cjs/loader.js:830:19)\n    at require (internal/modules/cjs/helpers.js:68:18)\n    at Object.<anonymous> (D:\\Webapps\\mvc-app\\app.js:142:16)\n    at Module._compile (internal/modules/cjs/loader.js:936:30)\n    at Object.Module._extensions..js (internal/modules/cjs/loader.js:947:10)\n    at Module.load (internal/modules/cjs/loader.js:790:32)\n    at Function.Module._load (internal/modules/cjs/loader.js:703:12)\n    at Function.Module.runMain (internal/modules/cjs/loader.js:999:10)\n    at internal/main/run_main_module.js:17:11","stack":"Error: Cannot find module '../controllers/developer.js'\nRequire stack:\n- D:\\Webapps\\mvc-app\\routes\\router.js\n- D:\\Webapps\\mvc-app\\app.js\n    at Function.Module._resolveFilename (internal/modules/cjs/loader.js:772:15)\n    at Function.Module._load (internal/modules/cjs/loader.js:677:27)\n    at Module.require (internal/modules/cjs/loader.js:830:19)\n    at require (internal/modules/cjs/helpers.js:68:18)\n    at Object.<anonymous> (D:\\Webapps\\mvc-app\\routes\\router.js:30:20)\n    at Module._compile (internal/modules/cjs/loader.js:936:30)\n    at Object.Module._extensions..js (internal/modules/cjs/loader.js:947:10)\n    at Module.load (internal/modules/cjs/loader.js:790:32)\n    at Function.Module._load (internal/modules/cjs/loader.js:703:12)\n    at Module.require (internal/modules/cjs/loader.js:830:19)\n    at require (internal/modules/cjs/helpers.js:68:18)\n    at Object.<anonymous> (D:\\Webapps\\mvc-app\\app.js:142:16)\n    at Module._compile (internal/modules/cjs/loader.js:936:30)\n    at Object.Module._extensions..js (internal/modules/cjs/loader.js:947:10)\n    at Module.load (internal/modules/cjs/loader.js:790:32)\n    at Function.Module._load (internal/modules/cjs/loader.js:703:12)\n    at Function.Module.runMain (internal/modules/cjs/loader.js:999:10)\n    at internal/main/run_main_module.js:17:11","exception":true,"date":"Wed Dec 04 2019 10:48:40 GMT-0600 (Central Standard Time)","process":{"pid":4804,"uid":null,"gid":null,"cwd":"D:\\Webapps\\mvc-app","execPath":"C:\\Program Files\\nodejs\\node.exe","version":"v12.9.1","argv":["C:\\Program Files\\nodejs\\node.exe","D:\\Webapps\\mvc-app\\app.js"],"memoryUsage":{"rss":48746496,"heapTotal":31711232,"heapUsed":17562160,"external":19645055}},"os":{"loadavg":[0,0,0],"uptime":2328607},"trace":[{"column":15,"file":"internal/modules/cjs/loader.js","function":"Module._resolveFilename","line":772,"method":"_resolveFilename","native":false},{"column":27,"file":"internal/modules/cjs/loader.js","function":"Module._load","line":677,"method":"_load","native":false},{"column":19,"file":"internal/modules/cjs/loader.js","function":"Module.require","line":830,"method":"require","native":false},{"column":18,"file":"internal/modules/cjs/helpers.js","function":"require","line":68,"method":null,"native":false},{"column":20,"file":"D:\\Webapps\\mvc-app\\routes\\router.js","function":null,"line":30,"method":null,"native":false},{"column":30,"file":"internal/modules/cjs/loader.js","function":"Module._compile","line":936,"method":"_compile","native":false},{"column":10,"file":"internal/modules/cjs/loader.js","function":"Module._extensions..js","line":947,"method":".js","native":false},{"column":32,"file":"internal/modules/cjs/loader.js","function":"Module.load","line":790,"method":"load","native":false},{"column":12,"file":"internal/modules/cjs/loader.js","function":"Module._load","line":703,"method":"_load","native":false},{"column":19,"file":"internal/modules/cjs/loader.js","function":"Module.require","line":830,"method":"require","native":false},{"column":18,"file":"internal/modules/cjs/helpers.js","function":"require","line":68,"method":null,"native":false},{"column":16,"file":"D:\\Webapps\\mvc-app\\app.js","function":null,"line":142,"method":null,"native":false},{"column":30,"file":"internal/modules/cjs/loader.js","function":"Module._compile","line":936,"method":"_compile","native":false},{"column":10,"file":"internal/modules/cjs/loader.js","function":"Module._extensions..js","line":947,"method":".js","native":false},{"column":32,"file":"internal/modules/cjs/loader.js","function":"Module.load","line":790,"method":"load","native":false},{"column":12,"file":"internal/modules/cjs/loader.js","function":"Module._load","line":703,"method":"_load","native":false},{"column":10,"file":"internal/modules/cjs/loader.js","function":"Module.runMain","line":999,"method":"runMain","native":false},{"column":11,"file":"internal/main/run_main_module.js","function":null,"line":17,"method":null,"native":false}]}
{"message":"Running on 3004","level":"info"}
{"message":"Environment isProduction = true","level":"info"}
{"message":"MongoDB URL = mongodb+srv://S537520:2c6fzXev@cluster0-qfegi.mongodb.net/test?retryWrites=true&w=majority","level":"info"}
{"message":"Environment variables loaded into process.env.","level":"info"}
{"error":{"code":"EADDRINUSE","errno":"EADDRINUSE","syscall":"listen","address":"::","port":3004},"level":"error","message":"uncaughtException: listen EADDRINUSE: address already in use :::3004\nError: listen EADDRINUSE: address already in use :::3004\n    at Server.setupListenHandle [as _listen2] (net.js:1228:14)\n    at listenInCluster (net.js:1276:12)\n    at Server.listen (net.js:1364:7)\n    at Function.listen (D:\\Webapps\\mvc-app\\node_modules\\express\\lib\\application.js:618:24)\n    at Object.<anonymous> (D:\\Webapps\\mvc-app\\app.js:152:5)\n    at Module._compile (internal/modules/cjs/loader.js:936:30)\n    at Object.Module._extensions..js (internal/modules/cjs/loader.js:947:10)\n    at Module.load (internal/modules/cjs/loader.js:790:32)\n    at Function.Module._load (internal/modules/cjs/loader.js:703:12)\n    at Function.Module.runMain (internal/modules/cjs/loader.js:999:10)\n    at internal/main/run_main_module.js:17:11","stack":"Error: listen EADDRINUSE: address already in use :::3004\n    at Server.setupListenHandle [as _listen2] (net.js:1228:14)\n    at listenInCluster (net.js:1276:12)\n    at Server.listen (net.js:1364:7)\n    at Function.listen (D:\\Webapps\\mvc-app\\node_modules\\express\\lib\\application.js:618:24)\n    at Object.<anonymous> (D:\\Webapps\\mvc-app\\app.js:152:5)\n    at Module._compile (internal/modules/cjs/loader.js:936:30)\n    at Object.Module._extensions..js (internal/modules/cjs/loader.js:947:10)\n    at Module.load (internal/modules/cjs/loader.js:790:32)\n    at Function.Module._load (internal/modules/cjs/loader.js:703:12)\n    at Function.Module.runMain (internal/modules/cjs/loader.js:999:10)\n    at internal/main/run_main_module.js:17:11","exception":true,"date":"Wed Dec 04 2019 10:50:14 GMT-0600 (Central Standard Time)","process":{"pid":15736,"uid":null,"gid":null,"cwd":"D:\\Webapps\\mvc-app","execPath":"C:\\Program Files\\nodejs\\node.exe","version":"v12.9.1","argv":["C:\\Program Files\\nodejs\\node.exe","D:\\Webapps\\mvc-app\\app.js"],"memoryUsage":{"rss":49856512,"heapTotal":31973376,"heapUsed":18654872,"external":19760239}},"os":{"loadavg":[0,0,0],"uptime":2328701},"trace":[{"column":14,"file":"net.js","function":"Server.setupListenHandle [as _listen2]","line":1228,"method":"setupListenHandle [as _listen2]","native":false},{"column":12,"file":"net.js","function":"listenInCluster","line":1276,"method":null,"native":false},{"column":7,"file":"net.js","function":"Server.listen","line":1364,"method":"listen","native":false},{"column":24,"file":"D:\\Webapps\\mvc-app\\node_modules\\express\\lib\\application.js","function":"Function.listen","line":618,"method":"listen","native":false},{"column":5,"file":"D:\\Webapps\\mvc-app\\app.js","function":null,"line":152,"method":null,"native":false},{"column":30,"file":"internal/modules/cjs/loader.js","function":"Module._compile","line":936,"method":"_compile","native":false},{"column":10,"file":"internal/modules/cjs/loader.js","function":"Module._extensions..js","line":947,"method":".js","native":false},{"column":32,"file":"internal/modules/cjs/loader.js","function":"Module.load","line":790,"method":"load","native":false},{"column":12,"file":"internal/modules/cjs/loader.js","function":"Module._load","line":703,"method":"_load","native":false},{"column":10,"file":"internal/modules/cjs/loader.js","function":"Module.runMain","line":999,"method":"runMain","native":false},{"column":11,"file":"internal/main/run_main_module.js","function":null,"line":17,"method":null,"native":false}]}
{"message":"Running on 3004","level":"info"}
{"message":"Environment isProduction = true","level":"info"}
{"message":"MongoDB URL = mongodb+srv://S537520:2c6fzXev@cluster0-qfegi.mongodb.net/test?retryWrites=true&w=majority","level":"info"}
{"message":"Loaded routing.","level":"info"}
{"message":"Environment variables loaded into process.env.","level":"info"}
{"message":"Running on 3011","level":"info"}
{"message":"Environment isProduction = true","level":"info"}
{"message":"MongoDB URL = mongodb+srv://S537520:2c6fzXev@cluster0-qfegi.mongodb.net/test?retryWrites=true&w=majority","level":"info"}
{"message":"Loaded routing.","level":"info"}
{"message":"GET /","level":"debug"}
{"message":"GET /favicon.ico","level":"debug"}
{"message":"GET /section","level":"debug"}
{"message":"Handling GET / [object Object]","level":"info"}
{"message":"GET /section","level":"debug"}
{"message":"Handling GET / [object Object]","level":"info"}
{"message":"GET /section","level":"debug"}
{"message":"Handling GET / [object Object]","level":"info"}
{"message":"Environment variables loaded into process.env.","level":"info"}
{"message":"Running on 3012","level":"info"}
{"message":"Environment isProduction = true","level":"info"}
{"message":"MongoDB URL = mongodb+srv://S537520:2c6fzXev@cluster0-qfegi.mongodb.net/test?retryWrites=true&w=majority","level":"info"}
{"message":"Loaded routing.","level":"info"}
{"message":"GET /","level":"debug"}
{"message":"GET /favicon.ico","level":"debug"}
{"message":"Environment variables loaded into process.env.","level":"info"}
{"message":"Running on 3012","level":"info"}
{"message":"Environment isProduction = true","level":"info"}
{"message":"MongoDB URL = mongodb+srv://S537520:2c6fzXev@cluster0-qfegi.mongodb.net/test?retryWrites=true&w=majority","level":"info"}
{"message":"Loaded routing.","level":"info"}
{"message":"GET /","level":"debug"}
{"message":"GET /section","level":"debug"}
{"message":"Handling GET / [object Object]","level":"info"}
{"message":"Environment variables loaded into process.env.","level":"info"}
{"message":"Running on 3012","level":"info"}
{"message":"Environment isProduction = true","level":"info"}
{"message":"MongoDB URL = mongodb+srv://S537520:2c6fzXev@cluster0-qfegi.mongodb.net/test?retryWrites=true&w=majority","level":"info"}
{"message":"Loaded routing.","level":"info"}
{"message":"GET /section","level":"debug"}
{"message":"Handling GET / [object Object]","level":"info"}
{"message":"GET /section","level":"debug"}
{"message":"Handling GET / [object Object]","level":"info"}
{"message":"GET /","level":"debug"}
{"message":"GET /student","level":"debug"}
{"message":"Handling GET / [object Object]","level":"info"}
{"message":"GET /","level":"debug"}
{"message":"Environment variables loaded into process.env.","level":"info"}
{"message":"Running on 3012","level":"info"}
{"message":"Environment isProduction = true","level":"info"}
{"message":"MongoDB URL = mongodb+srv://S537520:2c6fzXev@cluster0-qfegi.mongodb.net/test?retryWrites=true&w=majority","level":"info"}
{"message":"Loaded routing.","level":"info"}
{"message":"GET /","level":"debug"}
{"message":"GET /","level":"debug"}
{"message":"GET /","level":"debug"}
{"message":"Environment variables loaded into process.env.","level":"info"}
{"message":"Running on 3012","level":"info"}
{"message":"Environment isProduction = true","level":"info"}
{"message":"MongoDB URL = mongodb+srv://S537520:2c6fzXev@cluster0-qfegi.mongodb.net/test?retryWrites=true&w=majority","level":"info"}
{"message":"Loaded routing.","level":"info"}
{"message":"GET /","level":"debug"}
{"message":"GET /section","level":"debug"}
{"message":"Handling GET / [object Object]","level":"info"}
{"message":"GET /section","level":"debug"}
{"message":"Handling GET / [object Object]","level":"info"}
{"message":"GET /section","level":"debug"}
{"message":"Handling GET / [object Object]","level":"info"}
{"message":"GET /section","level":"debug"}
{"message":"Handling GET / [object Object]","level":"info"}
{"message":"GET /section","level":"debug"}
{"message":"Handling GET / [object Object]","level":"info"}
{"message":"GET /student","level":"debug"}
{"message":"Handling GET / [object Object]","level":"info"}
{"message":"Environment variables loaded into process.env.","level":"info"}
{"message":"Running on 3012","level":"info"}
{"message":"Environment isProduction = true","level":"info"}
{"message":"MongoDB URL = mongodb+srv://S537520:2c6fzXev@cluster0-qfegi.mongodb.net/test?retryWrites=true&w=majority","level":"info"}
{"message":"Loaded routing.","level":"info"}
{"message":"Environment variables loaded into process.env.","level":"info"}
{"error":{"code":"EADDRINUSE","errno":"EADDRINUSE","syscall":"listen","address":"::","port":3012},"level":"error","message":"uncaughtException: listen EADDRINUSE: address already in use :::3012\nError: listen EADDRINUSE: address already in use :::3012\n    at Server.setupListenHandle [as _listen2] (net.js:1228:14)\n    at listenInCluster (net.js:1276:12)\n    at Server.listen (net.js:1364:7)\n    at Function.listen (D:\\Webapps\\mvc-app\\node_modules\\express\\lib\\application.js:618:24)\n    at Object.<anonymous> (D:\\Webapps\\mvc-app\\app.js:152:5)\n    at Module._compile (internal/modules/cjs/loader.js:936:30)\n    at Object.Module._extensions..js (internal/modules/cjs/loader.js:947:10)\n    at Module.load (internal/modules/cjs/loader.js:790:32)\n    at Function.Module._load (internal/modules/cjs/loader.js:703:12)\n    at Function.Module.runMain (internal/modules/cjs/loader.js:999:10)\n    at internal/main/run_main_module.js:17:11","stack":"Error: listen EADDRINUSE: address already in use :::3012\n    at Server.setupListenHandle [as _listen2] (net.js:1228:14)\n    at listenInCluster (net.js:1276:12)\n    at Server.listen (net.js:1364:7)\n    at Function.listen (D:\\Webapps\\mvc-app\\node_modules\\express\\lib\\application.js:618:24)\n    at Object.<anonymous> (D:\\Webapps\\mvc-app\\app.js:152:5)\n    at Module._compile (internal/modules/cjs/loader.js:936:30)\n    at Object.Module._extensions..js (internal/modules/cjs/loader.js:947:10)\n    at Module.load (internal/modules/cjs/loader.js:790:32)\n    at Function.Module._load (internal/modules/cjs/loader.js:703:12)\n    at Function.Module.runMain (internal/modules/cjs/loader.js:999:10)\n    at internal/main/run_main_module.js:17:11","exception":true,"date":"Wed Dec 04 2019 13:05:34 GMT-0600 (Central Standard Time)","process":{"pid":22068,"uid":null,"gid":null,"cwd":"D:\\Webapps\\mvc-app","execPath":"C:\\Program Files\\nodejs\\node.exe","version":"v12.9.1","argv":["C:\\Program Files\\nodejs\\node.exe","D:\\Webapps\\mvc-app\\app.js"],"memoryUsage":{"rss":50860032,"heapTotal":32235520,"heapUsed":19109560,"external":19775327}},"os":{"loadavg":[0,0,0],"uptime":2336821},"trace":[{"column":14,"file":"net.js","function":"Server.setupListenHandle [as _listen2]","line":1228,"method":"setupListenHandle [as _listen2]","native":false},{"column":12,"file":"net.js","function":"listenInCluster","line":1276,"method":null,"native":false},{"column":7,"file":"net.js","function":"Server.listen","line":1364,"method":"listen","native":false},{"column":24,"file":"D:\\Webapps\\mvc-app\\node_modules\\express\\lib\\application.js","function":"Function.listen","line":618,"method":"listen","native":false},{"column":5,"file":"D:\\Webapps\\mvc-app\\app.js","function":null,"line":152,"method":null,"native":false},{"column":30,"file":"internal/modules/cjs/loader.js","function":"Module._compile","line":936,"method":"_compile","native":false},{"column":10,"file":"internal/modules/cjs/loader.js","function":"Module._extensions..js","line":947,"method":".js","native":false},{"column":32,"file":"internal/modules/cjs/loader.js","function":"Module.load","line":790,"method":"load","native":false},{"column":12,"file":"internal/modules/cjs/loader.js","function":"Module._load","line":703,"method":"_load","native":false},{"column":10,"file":"internal/modules/cjs/loader.js","function":"Module.runMain","line":999,"method":"runMain","native":false},{"column":11,"file":"internal/main/run_main_module.js","function":null,"line":17,"method":null,"native":false}]}
{"message":"Running on 3012","level":"info"}
{"message":"Environment isProduction = false","level":"info"}
{"message":"MongoDB URL = mongodb://localhost:27017/appdb","level":"info"}
{"message":"Loaded routing.","level":"info"}
{"message":"MongoDB event open","level":"info"}
{"message":"MongoDB connected mongodb://localhost:27017/appdb\n","level":"info"}
{"message":"Seeding collection = developers","level":"info"}
{"message":"Seeding collection = courses","level":"info"}
{"message":"Seeding collection = instructors","level":"info"}
{"message":"Seeding collection = sections","level":"info"}
{"message":"Seeding collection = students","level":"info"}
{"message":"GET /student","level":"debug"}
{"message":"Handling GET / [object Object]","level":"info"}
{"message":"Environment variables loaded into process.env.","level":"info"}
{"error":{"code":"EADDRINUSE","errno":"EADDRINUSE","syscall":"listen","address":"::","port":3012},"level":"error","message":"uncaughtException: listen EADDRINUSE: address already in use :::3012\nError: listen EADDRINUSE: address already in use :::3012\n    at Server.setupListenHandle [as _listen2] (net.js:1228:14)\n    at listenInCluster (net.js:1276:12)\n    at Server.listen (net.js:1364:7)\n    at Function.listen (D:\\Webapps\\mvc-app\\node_modules\\express\\lib\\application.js:618:24)\n    at Object.<anonymous> (D:\\Webapps\\mvc-app\\app.js:152:5)\n    at Module._compile (internal/modules/cjs/loader.js:936:30)\n    at Object.Module._extensions..js (internal/modules/cjs/loader.js:947:10)\n    at Module.load (internal/modules/cjs/loader.js:790:32)\n    at Function.Module._load (internal/modules/cjs/loader.js:703:12)\n    at Function.Module.runMain (internal/modules/cjs/loader.js:999:10)\n    at internal/main/run_main_module.js:17:11","stack":"Error: listen EADDRINUSE: address already in use :::3012\n    at Server.setupListenHandle [as _listen2] (net.js:1228:14)\n    at listenInCluster (net.js:1276:12)\n    at Server.listen (net.js:1364:7)\n    at Function.listen (D:\\Webapps\\mvc-app\\node_modules\\express\\lib\\application.js:618:24)\n    at Object.<anonymous> (D:\\Webapps\\mvc-app\\app.js:152:5)\n    at Module._compile (internal/modules/cjs/loader.js:936:30)\n    at Object.Module._extensions..js (internal/modules/cjs/loader.js:947:10)\n    at Module.load (internal/modules/cjs/loader.js:790:32)\n    at Function.Module._load (internal/modules/cjs/loader.js:703:12)\n    at Function.Module.runMain (internal/modules/cjs/loader.js:999:10)\n    at internal/main/run_main_module.js:17:11","exception":true,"date":"Wed Dec 04 2019 13:06:09 GMT-0600 (Central Standard Time)","process":{"pid":18496,"uid":null,"gid":null,"cwd":"D:\\Webapps\\mvc-app","execPath":"C:\\Program Files\\nodejs\\node.exe","version":"v12.9.1","argv":["C:\\Program Files\\nodejs\\node.exe","D:\\Webapps\\mvc-app\\app.js"],"memoryUsage":{"rss":50618368,"heapTotal":32235520,"heapUsed":18976112,"external":19760251}},"os":{"loadavg":[0,0,0],"uptime":2336856},"trace":[{"column":14,"file":"net.js","function":"Server.setupListenHandle [as _listen2]","line":1228,"method":"setupListenHandle [as _listen2]","native":false},{"column":12,"file":"net.js","function":"listenInCluster","line":1276,"method":null,"native":false},{"column":7,"file":"net.js","function":"Server.listen","line":1364,"method":"listen","native":false},{"column":24,"file":"D:\\Webapps\\mvc-app\\node_modules\\express\\lib\\application.js","function":"Function.listen","line":618,"method":"listen","native":false},{"column":5,"file":"D:\\Webapps\\mvc-app\\app.js","function":null,"line":152,"method":null,"native":false},{"column":30,"file":"internal/modules/cjs/loader.js","function":"Module._compile","line":936,"method":"_compile","native":false},{"column":10,"file":"internal/modules/cjs/loader.js","function":"Module._extensions..js","line":947,"method":".js","native":false},{"column":32,"file":"internal/modules/cjs/loader.js","function":"Module.load","line":790,"method":"load","native":false},{"column":12,"file":"internal/modules/cjs/loader.js","function":"Module._load","line":703,"method":"_load","native":false},{"column":10,"file":"internal/modules/cjs/loader.js","function":"Module.runMain","line":999,"method":"runMain","native":false},{"column":11,"file":"internal/main/run_main_module.js","function":null,"line":17,"method":null,"native":false}]}
{"message":"Running on 3012","level":"info"}
{"message":"Environment isProduction = false","level":"info"}
{"message":"MongoDB URL = mongodb://localhost:27017/appdb","level":"info"}
{"message":"Loaded routing.","level":"info"}
{"message":"MongoDB event open","level":"info"}
{"message":"MongoDB connected mongodb://localhost:27017/appdb\n","level":"info"}
{"message":"Seeding collection = developers","level":"info"}
{"message":"Seeding collection = courses","level":"info"}
{"message":"Seeding collection = instructors","level":"info"}
{"message":"Seeding collection = sections","level":"info"}
{"message":"Seeding collection = students","level":"info"}
{"message":"Environment variables loaded into process.env.","level":"info"}
{"message":"Running on 3012","level":"info"}
{"message":"Environment isProduction = false","level":"info"}
{"message":"MongoDB URL = mongodb://localhost:27017/appdb","level":"info"}
{"message":"Loaded routing.","level":"info"}
{"message":"MongoDB event open","level":"info"}
{"message":"MongoDB connected mongodb://localhost:27017/appdb\n","level":"info"}
{"message":"Seeding collection = developers","level":"info"}
{"message":"Seeding collection = courses","level":"info"}
{"message":"Seeding collection = instructors","level":"info"}
{"message":"Seeding collection = sections","level":"info"}
{"message":"Seeding collection = students","level":"info"}
{"error":{"code":"MODULE_NOT_FOUND","requireStack":["D:\\Webapps\\mvc-app\\app.js"]},"level":"error","message":"uncaughtException: Cannot find module './data/developers.json'\nRequire stack:\n- D:\\Webapps\\mvc-app\\app.js\nError: Cannot find module './data/developers.json'\nRequire stack:\n- D:\\Webapps\\mvc-app\\app.js\n    at Function.Module._resolveFilename (internal/modules/cjs/loader.js:772:15)\n    at Function.Module._load (internal/modules/cjs/loader.js:677:27)\n    at Module.require (internal/modules/cjs/loader.js:830:19)\n    at require (internal/modules/cjs/helpers.js:68:18)\n    at D:\\Webapps\\mvc-app\\app.js:81:22\n    at D:\\Webapps\\mvc-app\\node_modules\\mongodb\\lib\\operations\\execute_operation.js:75:17\n    at D:\\Webapps\\mvc-app\\node_modules\\mongodb\\lib\\operations\\execute_operation.js:64:11\n    at ClientSession.endSession (D:\\Webapps\\mvc-app\\node_modules\\mongodb\\lib\\core\\sessions.js:135:41)\n    at executeCallback (D:\\Webapps\\mvc-app\\node_modules\\mongodb\\lib\\operations\\execute_operation.js:59:17)\n    at callbackWithRetry (D:\\Webapps\\mvc-app\\node_modules\\mongodb\\lib\\operations\\execute_operation.js:131:14)\n    at D:\\Webapps\\mvc-app\\node_modules\\mongodb\\lib\\operations\\count_documents.js:36:7\n    at D:\\Webapps\\mvc-app\\node_modules\\mongodb\\lib\\operations\\command_v2.js:92:9\n    at D:\\Webapps\\mvc-app\\node_modules\\mongodb\\lib\\core\\sdam\\server.js:273:7\n    at D:\\Webapps\\mvc-app\\node_modules\\mongodb\\lib\\core\\connection\\pool.js:408:18\n    at processTicksAndRejections (internal/process/task_queues.js:75:11)","stack":"Error: Cannot find module './data/developers.json'\nRequire stack:\n- D:\\Webapps\\mvc-app\\app.js\n    at Function.Module._resolveFilename (internal/modules/cjs/loader.js:772:15)\n    at Function.Module._load (internal/modules/cjs/loader.js:677:27)\n    at Module.require (internal/modules/cjs/loader.js:830:19)\n    at require (internal/modules/cjs/helpers.js:68:18)\n    at D:\\Webapps\\mvc-app\\app.js:81:22\n    at D:\\Webapps\\mvc-app\\node_modules\\mongodb\\lib\\operations\\execute_operation.js:75:17\n    at D:\\Webapps\\mvc-app\\node_modules\\mongodb\\lib\\operations\\execute_operation.js:64:11\n    at ClientSession.endSession (D:\\Webapps\\mvc-app\\node_modules\\mongodb\\lib\\core\\sessions.js:135:41)\n    at executeCallback (D:\\Webapps\\mvc-app\\node_modules\\mongodb\\lib\\operations\\execute_operation.js:59:17)\n    at callbackWithRetry (D:\\Webapps\\mvc-app\\node_modules\\mongodb\\lib\\operations\\execute_operation.js:131:14)\n    at D:\\Webapps\\mvc-app\\node_modules\\mongodb\\lib\\operations\\count_documents.js:36:7\n    at D:\\Webapps\\mvc-app\\node_modules\\mongodb\\lib\\operations\\command_v2.js:92:9\n    at D:\\Webapps\\mvc-app\\node_modules\\mongodb\\lib\\core\\sdam\\server.js:273:7\n    at D:\\Webapps\\mvc-app\\node_modules\\mongodb\\lib\\core\\connection\\pool.js:408:18\n    at processTicksAndRejections (internal/process/task_queues.js:75:11)","exception":true,"date":"Wed Dec 04 2019 13:08:11 GMT-0600 (Central Standard Time)","process":{"pid":1904,"uid":null,"gid":null,"cwd":"D:\\Webapps\\mvc-app","execPath":"C:\\Program Files\\nodejs\\node.exe","version":"v12.9.1","argv":["C:\\Program Files\\nodejs\\node.exe","D:\\Webapps\\mvc-app\\app.js"],"memoryUsage":{"rss":51712000,"heapTotal":32497664,"heapUsed":19657840,"external":19762528}},"os":{"loadavg":[0,0,0],"uptime":2336978},"trace":[{"column":15,"file":"internal/modules/cjs/loader.js","function":"Module._resolveFilename","line":772,"method":"_resolveFilename","native":false},{"column":27,"file":"internal/modules/cjs/loader.js","function":"Module._load","line":677,"method":"_load","native":false},{"column":19,"file":"internal/modules/cjs/loader.js","function":"Module.require","line":830,"method":"require","native":false},{"column":18,"file":"internal/modules/cjs/helpers.js","function":"require","line":68,"method":null,"native":false},{"column":22,"file":"D:\\Webapps\\mvc-app\\app.js","function":null,"line":81,"method":null,"native":false},{"column":17,"file":"D:\\Webapps\\mvc-app\\node_modules\\mongodb\\lib\\operations\\execute_operation.js","function":null,"line":75,"method":null,"native":false},{"column":11,"file":"D:\\Webapps\\mvc-app\\node_modules\\mongodb\\lib\\operations\\execute_operation.js","function":null,"line":64,"method":null,"native":false},{"column":41,"file":"D:\\Webapps\\mvc-app\\node_modules\\mongodb\\lib\\core\\sessions.js","function":"ClientSession.endSession","line":135,"method":"endSession","native":false},{"column":17,"file":"D:\\Webapps\\mvc-app\\node_modules\\mongodb\\lib\\operations\\execute_operation.js","function":"executeCallback","line":59,"method":null,"native":false},{"column":14,"file":"D:\\Webapps\\mvc-app\\node_modules\\mongodb\\lib\\operations\\execute_operation.js","function":"callbackWithRetry","line":131,"method":null,"native":false},{"column":7,"file":"D:\\Webapps\\mvc-app\\node_modules\\mongodb\\lib\\operations\\count_documents.js","function":null,"line":36,"method":null,"native":false},{"column":9,"file":"D:\\Webapps\\mvc-app\\node_modules\\mongodb\\lib\\operations\\command_v2.js","function":null,"line":92,"method":null,"native":false},{"column":7,"file":"D:\\Webapps\\mvc-app\\node_modules\\mongodb\\lib\\core\\sdam\\server.js","function":null,"line":273,"method":null,"native":false},{"column":18,"file":"D:\\Webapps\\mvc-app\\node_modules\\mongodb\\lib\\core\\connection\\pool.js","function":null,"line":408,"method":null,"native":false},{"column":11,"file":"internal/process/task_queues.js","function":"processTicksAndRejections","line":75,"method":null,"native":false}]}
{"message":"Environment variables loaded into process.env.","level":"info"}
{"message":"Running on 3012","level":"info"}
{"message":"Environment isProduction = false","level":"info"}
{"message":"MongoDB URL = mongodb://localhost:27017/appdb","level":"info"}
{"message":"Loaded routing.","level":"info"}
{"message":"MongoDB event open","level":"info"}
{"message":"MongoDB connected mongodb://localhost:27017/appdb\n","level":"info"}
{"message":"Seeding collection = courses","level":"info"}
{"message":"Seeding collection = sections","level":"info"}
{"message":"Seeding collection = students","level":"info"}
{"message":"GET /section","level":"debug"}
{"message":"Handling GET / [object Object]","level":"info"}
{"message":"GET /section/edit/10","level":"debug"}
{"message":"Handling GET /edit/:id [object Object]","level":"info"}
{"message":"RETURNING VIEW FOR[{\"days\":\"MWF\",\"startTime\":500,\"roomNumber\":\"CH 2500\",\"_id\":10,\"sectionNumber\":\"10\",\"instructorId\":999,\"courseId\":99}]","level":"info"}
{"message":"Environment variables loaded into process.env.","level":"info"}
{"message":"Running on 3012","level":"info"}
{"message":"Environment isProduction = true","level":"info"}
{"message":"MongoDB URL = mongodb+srv://sravani:abcd1234@cluster0-osooi.mongodb.net/test?retryWrites=true&w=majority","level":"info"}
{"message":"Loaded routing.","level":"info"}
{"message":"Environment variables loaded into process.env.","level":"info"}
{"message":"Running on 3012","level":"info"}
{"message":"Environment isProduction = false","level":"info"}
{"message":"MongoDB URL = mongodb://localhost:27017/appdb","level":"info"}
{"message":"Loaded routing.","level":"info"}
{"message":"MongoDB event open","level":"info"}
{"message":"MongoDB connected mongodb://localhost:27017/appdb\n","level":"info"}
{"message":"Seeding collection = courses","level":"info"}
{"message":"Seeding collection = sections","level":"info"}
{"message":"Seeding collection = students","level":"info"}
{"message":"Environment variables loaded into process.env.","level":"info"}
{"message":"Running on 3012","level":"info"}
{"message":"Environment isProduction = true","level":"info"}
{"message":"MongoDB URL = mongodb+srv://sravani:abcd1234@cluster0-osooi.mongodb.net/test?retryWrites=true&w=majority","level":"info"}
{"message":"Loaded routing.","level":"info"}
{"message":"Environment variables loaded into process.env.","level":"info"}
{"message":"Running on 3012","level":"info"}
{"message":"Environment isProduction = true","level":"info"}
{"message":"MongoDB URL = mongodb+srv://sravani:abcd1234@cluster0-osooi.mongodb.net/test?retryWrites=true&w=majority","level":"info"}
{"message":"Loaded routing.","level":"info"}
{"message":"GET /section","level":"debug"}
{"message":"Handling GET / [object Object]","level":"info"}
{"message":"Environment variables loaded into process.env.","level":"info"}
{"message":"Running on 3012","level":"info"}
{"message":"Environment isProduction = false","level":"info"}
{"message":"MongoDB URL = mongodb://localhost:27017/appdb","level":"info"}
{"message":"Loaded routing.","level":"info"}
{"message":"MongoDB event open","level":"info"}
{"message":"MongoDB connected mongodb://localhost:27017/appdb\n","level":"info"}
{"message":"Seeding collection = courses","level":"info"}
{"message":"Seeding collection = sections","level":"info"}
{"message":"Seeding collection = students","level":"info"}
{"message":"GET /section","level":"debug"}
{"message":"Handling GET / [object Object]","level":"info"}
{"message":"GET /section","level":"debug"}
{"message":"Handling GET / [object Object]","level":"info"}
{"message":"GET /course","level":"debug"}
{"message":"Handling GET / [object Object]","level":"info"}
{"message":"GET /course/create","level":"debug"}
{"message":"Handling GET /create [object Object]","level":"info"}
{"message":"Environment variables loaded into process.env.","level":"info"}
{"message":"Running on 3012","level":"info"}
{"message":"Environment isProduction = false","level":"info"}
{"message":"MongoDB URL = mongodb://localhost:27017/appdb","level":"info"}
{"message":"Loaded routing.","level":"info"}
{"message":"MongoDB event open","level":"info"}
{"message":"MongoDB connected mongodb://localhost:27017/appdb\n","level":"info"}
{"message":"Seeding collection = courses","level":"info"}
{"message":"Seeding collection = sections","level":"info"}
{"message":"Seeding collection = students","level":"info"}
{"message":"Environment variables loaded into process.env.","level":"info"}
{"message":"Running on 3012","level":"info"}
{"message":"Environment isProduction = true","level":"info"}
{"message":"MongoDB URL = mongodb+srv://sravani:abcd1234@cluster0-osooi.mongodb.net/test?retryWrites=true&w=majority","level":"info"}
{"message":"Loaded routing.","level":"info"}
{"message":"GET /favicon.ico","level":"debug"}
{"message":"GET /student","level":"debug"}
{"message":"Handling GET / [object Object]","level":"info"}
{"message":"GET /student","level":"debug"}
{"message":"Handling GET / [object Object]","level":"info"}
{"message":"GET /student","level":"debug"}
{"message":"Handling GET / [object Object]","level":"info"}
{"message":"Environment variables loaded into process.env.","level":"info"}
{"error":{"code":"MODULE_NOT_FOUND","requireStack":["D:\\Webapps\\mvc-app\\routes\\router.js","D:\\Webapps\\mvc-app\\app.js"]},"level":"error","message":"uncaughtException: Cannot find module '../controllers/instructor.js'\nRequire stack:\n- D:\\Webapps\\mvc-app\\routes\\router.js\n- D:\\Webapps\\mvc-app\\app.js\nError: Cannot find module '../controllers/instructor.js'\nRequire stack:\n- D:\\Webapps\\mvc-app\\routes\\router.js\n- D:\\Webapps\\mvc-app\\app.js\n    at Function.Module._resolveFilename (internal/modules/cjs/loader.js:772:15)\n    at Function.Module._load (internal/modules/cjs/loader.js:677:27)\n    at Module.require (internal/modules/cjs/loader.js:830:19)\n    at require (internal/modules/cjs/helpers.js:68:18)\n    at Object.<anonymous> (D:\\Webapps\\mvc-app\\routes\\router.js:41:27)\n    at Module._compile (internal/modules/cjs/loader.js:936:30)\n    at Object.Module._extensions..js (internal/modules/cjs/loader.js:947:10)\n    at Module.load (internal/modules/cjs/loader.js:790:32)\n    at Function.Module._load (internal/modules/cjs/loader.js:703:12)\n    at Module.require (internal/modules/cjs/loader.js:830:19)\n    at require (internal/modules/cjs/helpers.js:68:18)\n    at Object.<anonymous> (D:\\Webapps\\mvc-app\\app.js:142:16)\n    at Module._compile (internal/modules/cjs/loader.js:936:30)\n    at Object.Module._extensions..js (internal/modules/cjs/loader.js:947:10)\n    at Module.load (internal/modules/cjs/loader.js:790:32)\n    at Function.Module._load (internal/modules/cjs/loader.js:703:12)\n    at Function.Module.runMain (internal/modules/cjs/loader.js:999:10)\n    at internal/main/run_main_module.js:17:11","stack":"Error: Cannot find module '../controllers/instructor.js'\nRequire stack:\n- D:\\Webapps\\mvc-app\\routes\\router.js\n- D:\\Webapps\\mvc-app\\app.js\n    at Function.Module._resolveFilename (internal/modules/cjs/loader.js:772:15)\n    at Function.Module._load (internal/modules/cjs/loader.js:677:27)\n    at Module.require (internal/modules/cjs/loader.js:830:19)\n    at require (internal/modules/cjs/helpers.js:68:18)\n    at Object.<anonymous> (D:\\Webapps\\mvc-app\\routes\\router.js:41:27)\n    at Module._compile (internal/modules/cjs/loader.js:936:30)\n    at Object.Module._extensions..js (internal/modules/cjs/loader.js:947:10)\n    at Module.load (internal/modules/cjs/loader.js:790:32)\n    at Function.Module._load (internal/modules/cjs/loader.js:703:12)\n    at Module.require (internal/modules/cjs/loader.js:830:19)\n    at require (internal/modules/cjs/helpers.js:68:18)\n    at Object.<anonymous> (D:\\Webapps\\mvc-app\\app.js:142:16)\n    at Module._compile (internal/modules/cjs/loader.js:936:30)\n    at Object.Module._extensions..js (internal/modules/cjs/loader.js:947:10)\n    at Module.load (internal/modules/cjs/loader.js:790:32)\n    at Function.Module._load (internal/modules/cjs/loader.js:703:12)\n    at Function.Module.runMain (internal/modules/cjs/loader.js:999:10)\n    at internal/main/run_main_module.js:17:11","exception":true,"date":"Fri Dec 06 2019 22:09:01 GMT-0600 (Central Standard Time)","process":{"pid":9692,"uid":null,"gid":null,"cwd":"D:\\Webapps\\mvc-app","execPath":"C:\\Program Files\\nodejs\\node.exe","version":"v12.9.1","argv":["C:\\Program Files\\nodejs\\node.exe","D:\\Webapps\\mvc-app\\app.js"],"memoryUsage":{"rss":49020928,"heapTotal":31449088,"heapUsed":18138544,"external":19650626}},"os":{"loadavg":[0,0,0],"uptime":7294},"trace":[{"column":15,"file":"internal/modules/cjs/loader.js","function":"Module._resolveFilename","line":772,"method":"_resolveFilename","native":false},{"column":27,"file":"internal/modules/cjs/loader.js","function":"Module._load","line":677,"method":"_load","native":false},{"column":19,"file":"internal/modules/cjs/loader.js","function":"Module.require","line":830,"method":"require","native":false},{"column":18,"file":"internal/modules/cjs/helpers.js","function":"require","line":68,"method":null,"native":false},{"column":27,"file":"D:\\Webapps\\mvc-app\\routes\\router.js","function":null,"line":41,"method":null,"native":false},{"column":30,"file":"internal/modules/cjs/loader.js","function":"Module._compile","line":936,"method":"_compile","native":false},{"column":10,"file":"internal/modules/cjs/loader.js","function":"Module._extensions..js","line":947,"method":".js","native":false},{"column":32,"file":"internal/modules/cjs/loader.js","function":"Module.load","line":790,"method":"load","native":false},{"column":12,"file":"internal/modules/cjs/loader.js","function":"Module._load","line":703,"method":"_load","native":false},{"column":19,"file":"internal/modules/cjs/loader.js","function":"Module.require","line":830,"method":"require","native":false},{"column":18,"file":"internal/modules/cjs/helpers.js","function":"require","line":68,"method":null,"native":false},{"column":16,"file":"D:\\Webapps\\mvc-app\\app.js","function":null,"line":142,"method":null,"native":false},{"column":30,"file":"internal/modules/cjs/loader.js","function":"Module._compile","line":936,"method":"_compile","native":false},{"column":10,"file":"internal/modules/cjs/loader.js","function":"Module._extensions..js","line":947,"method":".js","native":false},{"column":32,"file":"internal/modules/cjs/loader.js","function":"Module.load","line":790,"method":"load","native":false},{"column":12,"file":"internal/modules/cjs/loader.js","function":"Module._load","line":703,"method":"_load","native":false},{"column":10,"file":"internal/modules/cjs/loader.js","function":"Module.runMain","line":999,"method":"runMain","native":false},{"column":11,"file":"internal/main/run_main_module.js","function":null,"line":17,"method":null,"native":false}]}
{"message":"Running on 3012","level":"info"}
{"message":"Environment isProduction = true","level":"info"}
{"message":"MongoDB URL = mongodb+srv://sravani:abcd1234@cluster0-osooi.mongodb.net/test?retryWrites=true&w=majority","level":"info"}
{"message":"Environment variables loaded into process.env.","level":"info"}
{"message":"Running on 3012","level":"info"}
{"message":"Environment isProduction = true","level":"info"}
{"message":"MongoDB URL = mongodb+srv://sravani:abcd1234@cluster0-osooi.mongodb.net/test?retryWrites=true&w=majority","level":"info"}
{"message":"Loaded routing.","level":"info"}
{"message":"Environment variables loaded into process.env.","level":"info"}
{"message":"Running on 3004","level":"info"}
{"message":"Environment isProduction = true","level":"info"}
{"message":"MongoDB URL = mongodb+srv://sravani:abcd1234@cluster0-6s6wl.mongodb.net/test?retryWrites=true&w=majority","level":"info"}
{"message":"Loaded routing.","level":"info"}
{"message":"Environment variables loaded into process.env.","level":"info"}
{"message":"Running on 3004","level":"info"}
{"message":"Environment isProduction = true","level":"info"}
{"message":"MongoDB URL = mongodb+srv://sravani:abcd1234@cluster0-6s6wl.mongodb.net/test?retryWrites=true&w=majority","level":"info"}
{"message":"Loaded routing.","level":"info"}
{"message":"GET /favicon.ico","level":"debug"}
{"message":"GET /section","level":"debug"}
{"message":"Handling GET / [object Object]","level":"info"}
{"message":"GET /instructor","level":"debug"}
{"message":"GET /course","level":"debug"}
{"message":"Handling GET / [object Object]","level":"info"}
{"message":"GET /student","level":"debug"}
{"message":"Handling GET / [object Object]","level":"info"}
{"message":"GET /section","level":"debug"}
{"message":"Handling GET / [object Object]","level":"info"}
{"message":"Environment variables loaded into process.env.","level":"info"}
{"message":"Running on 3004","level":"info"}
{"message":"Environment isProduction = true","level":"info"}
{"message":"MongoDB URL = mongodb+srv://sravani:abcd1234@cluster0-6s6wl.mongodb.net/test?retryWrites=true&w=majority","level":"info"}
{"message":"Loaded routing.","level":"info"}
{"message":"GET /section","level":"debug"}
{"message":"Handling GET / [object Object]","level":"info"}
{"message":"Environment variables loaded into process.env.","level":"info"}
{"message":"Running on 3004","level":"info"}
{"message":"Environment isProduction = true","level":"info"}
{"message":"MongoDB URL = mongodb+srv://user1:Summer@1@cluster0-6s6wl.mongodb.net/test?retryWrites=true&w=majority","level":"info"}
{"message":"Loaded routing.","level":"info"}
{"message":"GET /section","level":"debug"}
{"message":"Handling GET / [object Object]","level":"info"}
{"message":"MongoDB event open","level":"info"}
{"message":"MongoDB connected mongodb+srv://user1:Summer@1@cluster0-6s6wl.mongodb.net/test?retryWrites=true&w=majority\n","level":"info"}
{"message":"Seeding collection = courses","level":"info"}
{"message":"Seeding collection = sections","level":"info"}
{"message":"Seeding collection = students","level":"info"}
{"message":"GET /section","level":"debug"}
{"message":"Handling GET / [object Object]","level":"info"}
{"message":"GET /course","level":"debug"}
{"message":"Handling GET / [object Object]","level":"info"}
{"message":"GET /student","level":"debug"}
{"message":"Handling GET / [object Object]","level":"info"}
{"message":"GET /section","level":"debug"}
{"message":"Handling GET / [object Object]","level":"info"}
{"message":"Environment variables loaded into process.env.","level":"info"}
{"message":"Running on 3004","level":"info"}
{"message":"Environment isProduction = true","level":"info"}
{"message":"MongoDB URL = mongodb+srv://user1:Summer@1@cluster0-6s6wl.mongodb.net/test?retryWrites=true&w=majority","level":"info"}
{"message":"Loaded routing.","level":"info"}
{"message":"MongoDB event open","level":"info"}
{"message":"MongoDB connected mongodb+srv://user1:Summer@1@cluster0-6s6wl.mongodb.net/test?retryWrites=true&w=majority\n","level":"info"}
{"message":"Seeding collection = courses","level":"info"}
{"message":"Seeding collection = sections","level":"info"}
{"message":"Seeding collection = students","level":"info"}
{"message":"Environment variables loaded into process.env.","level":"info"}
{"message":"Running on 3004","level":"info"}
{"message":"Environment isProduction = true","level":"info"}
{"message":"MongoDB URL = undefined","level":"info"}
{"message":"Loaded routing.","level":"info"}
{"message":"Environment variables loaded into process.env.","level":"info"}
{"message":"Running on 3004","level":"info"}
{"message":"Environment isProduction = true","level":"info"}
{"message":"MongoDB URL = undefined","level":"info"}
{"message":"Loaded routing.","level":"info"}
{"message":"Environment variables loaded into process.env.","level":"info"}
{"message":"Running on 3004","level":"info"}
{"message":"Environment isProduction = true","level":"info"}
{"message":"MongoDB URL = undefined","level":"info"}
{"message":"Loaded routing.","level":"info"}
{"message":"Environment variables loaded into process.env.","level":"info"}
{"message":"Running on 3004","level":"info"}
{"message":"Environment isProduction = true","level":"info"}
{"message":"MongoDB URL = mongodb+srv://user1:Fall2019@cluster0-hbn3b.mongodb.net/test?retryWrites=true&w=majority","level":"info"}
{"message":"Loaded routing.","level":"info"}
{"message":"MongoDB event open","level":"info"}
{"message":"MongoDB connected mongodb+srv://user1:Fall2019@cluster0-hbn3b.mongodb.net/test?retryWrites=true&w=majority\n","level":"info"}
{"message":"Seeding collection = courses","level":"info"}
{"message":"Seeding collection = sections","level":"info"}
{"message":"Seeding collection = students","level":"info"}
{"message":"GET /section","level":"debug"}
{"message":"Handling GET / [object Object]","level":"info"}
{"message":"GET /section/edit/6","level":"debug"}
{"message":"Handling GET /edit/:id [object Object]","level":"info"}
{"message":"RETURNING VIEW FOR[{\"days\":\"TR\",\"startTime\":800,\"roomNumber\":\"VLK 127\",\"_id\":6,\"sectionNumber\":\"06\",\"instructorId\":666,\"courseId\":95}]","level":"info"}
{"message":"GET /student","level":"debug"}
{"message":"Handling GET / [object Object]","level":"info"}
{"message":"GET /student/details/21","level":"debug"}
{"message":"Handling GET /details/:id [object Object]","level":"info"}
{"message":"RETURNING VIEW FOR [{\"gpa\":3.3,\"_id\":21,\"given\":\"Rohit\",\"family\":\"sharma\",\"email\":\"rsharma@nwmissouri.edu\",\"gitHub\":\"https://github.com/rsharma21/\",\"website\":\"https://rsharma21.com/\",\"sectionId\":1262}]","level":"info"}
{"message":"GET /student","level":"debug"}
{"message":"Handling GET / [object Object]","level":"info"}
{"message":"GET /course","level":"debug"}
{"message":"Handling GET / [object Object]","level":"info"}
{"message":"GET /student","level":"debug"}
{"message":"Handling GET / [object Object]","level":"info"}
{"message":"GET /section","level":"debug"}
{"message":"Handling GET / [object Object]","level":"info"}
{"message":"MongoDB event disconnected","level":"warn"}
{"message":"Environment variables loaded into process.env.","level":"info"}
{"message":"Running on 3004","level":"info"}
{"message":"Environment isProduction = true","level":"info"}
{"message":"MongoDB URL = mongodb+srv://user1:Fall2019@cluster0-hbn3b.mongodb.net/test?retryWrites=true&w=majority","level":"info"}
{"message":"Loaded routing.","level":"info"}
{"message":"Environment variables loaded into process.env.","level":"info"}
{"message":"Running on 3004","level":"info"}
{"message":"Environment isProduction = true","level":"info"}
{"message":"MongoDB URL = mongodb+srv://user1:Fall2019@cluster0-hbn3b.mongodb.net/test?retryWrites=true&w=majority","level":"info"}
{"message":"Loaded routing.","level":"info"}
{"message":"Environment variables loaded into process.env.","level":"info"}
{"message":"Running on 3004","level":"info"}
{"message":"Environment isProduction = true","level":"info"}
{"message":"MongoDB URL = mongodb+srv://user1:Fall2019@cluster0-hbn3b.mongodb.net/test?retryWrites=true&w=majority","level":"info"}
{"message":"Loaded routing.","level":"info"}
{"message":"Environment variables loaded into process.env.","level":"info"}
{"message":"Running on 3004","level":"info"}
{"message":"Environment isProduction = true","level":"info"}
{"message":"MongoDB URL = mongodb+srv://user1:Winter_1@cluster0-hbn3b.mongodb.net/test?retryWrites=true&w=majority","level":"info"}
{"message":"Loaded routing.","level":"info"}
{"message":"Environment variables loaded into process.env.","level":"info"}
{"message":"Running on 3005","level":"info"}
{"message":"Environment isProduction = true","level":"info"}
{"message":"MongoDB URL = mongodb+srv://user1:Fall2019@cluster0-hbn3b.mongodb.net/test?retryWrites=true&w=majority","level":"info"}
{"message":"Loaded routing.","level":"info"}
{"message":"GET /","level":"debug"}
{"message":"GET /favicon.ico","level":"debug"}
{"message":"GET /student","level":"debug"}
{"message":"Handling GET / [object Object]","level":"info"}
{"message":"Environment variables loaded into process.env.","level":"info"}
{"message":"Running on 3004","level":"info"}
{"message":"Environment isProduction = true","level":"info"}
{"message":"MongoDB URL = mongodb+srv://user1:Fall2019@cluster0-hbn3b.mongodb.net/test?retryWrites=true&w=majority","level":"info"}
{"message":"Loaded routing.","level":"info"}
{"message":"Environment variables loaded into process.env.","level":"info"}
{"message":"Running on 3004","level":"info"}
{"message":"Environment isProduction = true","level":"info"}
{"message":"MongoDB URL = mongodb+srv://user1:Fall2019@cluster0-hbn3b.mongodb.net/test?retryWrites=true&w=majority","level":"info"}
{"message":"Loaded routing.","level":"info"}
{"message":"GET /favicon.ico","level":"debug"}
{"message":"Environment variables loaded into process.env.","level":"info"}
{"message":"Running on 3013","level":"info"}
{"message":"Environment isProduction = true","level":"info"}
{"message":"MongoDB URL = mongodb+srv://user1:Fall2019@cluster0-hbn3b.mongodb.net/test?retryWrites=true&w=majority","level":"info"}
{"message":"Loaded routing.","level":"info"}
{"message":"Environment variables loaded into process.env.","level":"info"}
{"message":"Running on 3013","level":"info"}
{"message":"Environment isProduction = false","level":"info"}
{"message":"MongoDB URL = mongodb://localhost:27017/appdb","level":"info"}
{"message":"Loaded routing.","level":"info"}
{"message":"MongoDB event open","level":"info"}
{"message":"MongoDB connected mongodb://localhost:27017/appdb\n","level":"info"}
{"message":"Seeding collection = courses","level":"info"}
{"message":"Seeding collection = sections","level":"info"}
{"message":"Seeding collection = students","level":"info"}
{"message":"GET /","level":"debug"}
{"message":"GET /favicon.ico","level":"debug"}
{"message":"Environment variables loaded into process.env.","level":"info"}
{"message":"Running on 3004","level":"info"}
{"message":"Environment isProduction = false","level":"info"}
{"message":"MongoDB URL = mongodb://localhost:27017/appdb","level":"info"}
{"message":"Loaded routing.","level":"info"}
{"message":"MongoDB event open","level":"info"}
{"message":"MongoDB connected mongodb://localhost:27017/appdb\n","level":"info"}
{"message":"Seeding collection = courses","level":"info"}
{"message":"Seeding collection = sections","level":"info"}
{"message":"Seeding collection = students","level":"info"}
{"message":"Environment variables loaded into process.env.","level":"info"}
{"message":"Running on 3004","level":"info"}
{"message":"Environment isProduction = true","level":"info"}
{"message":"MongoDB URL = mongodb+srv://user1:winter_1@cluster0-hbn3b.mongodb.net/test?retryWrites=true&w=majority","level":"info"}
{"message":"Loaded routing.","level":"info"}
{"message":"Environment variables loaded into process.env.","level":"info"}
{"message":"Running on 3004","level":"info"}
{"message":"Environment isProduction = true","level":"info"}
{"message":"MongoDB URL = mongodb+srv://user1:winter_1@cluster0-hbn3b.mongodb.net/test?retryWrites=true&w=majority","level":"info"}
{"message":"Loaded routing.","level":"info"}
{"message":"Environment variables loaded into process.env.","level":"info"}
{"message":"Running on 3004","level":"info"}
{"message":"Environment isProduction = true","level":"info"}
{"message":"MongoDB URL = mongodb+srv://user1:winter_1@cluster0-hbn3b.mongodb.net/test?retryWrites=true&w=majority","level":"info"}
{"message":"Loaded routing.","level":"info"}
{"message":"MongoDB event open","level":"info"}
{"message":"MongoDB connected mongodb+srv://user1:winter_1@cluster0-hbn3b.mongodb.net/test?retryWrites=true&w=majority\n","level":"info"}
{"message":"Seeding collection = courses","level":"info"}
{"message":"Seeding collection = sections","level":"info"}
{"message":"Seeding collection = students","level":"info"}
{"message":"MongoDB event disconnected","level":"warn"}
